<?xml version="1.0" encoding="UTF-8"?>
<testsuites name="jest tests" tests="678" failures="0" errors="0" time="93.322">
  <testsuite name="AdminController - Security" errors="0" failures="0" skipped="0" timestamp="2025-11-27T04:54:42" time="5.87" tests="19">
    <testcase classname="AdminController - Security PATCH /users/roles - Security should update user role successfully with proper security logging" name="AdminController - Security PATCH /users/roles - Security should update user role successfully with proper security logging" time="0.114">
    </testcase>
    <testcase classname="AdminController - Security PATCH /users/roles - Security should handle ASSIGN operation with multiple roles" name="AdminController - Security PATCH /users/roles - Security should handle ASSIGN operation with multiple roles" time="0.024">
    </testcase>
    <testcase classname="AdminController - Security PATCH /users/roles - Security should handle REMOVE operation" name="AdminController - Security PATCH /users/roles - Security should handle REMOVE operation" time="0.024">
    </testcase>
    <testcase classname="AdminController - Security PATCH /users/roles - Security should handle REPLACE operation" name="AdminController - Security PATCH /users/roles - Security should handle REPLACE operation" time="0.022">
    </testcase>
    <testcase classname="AdminController - Security PATCH /users/roles - Security should handle TEMPORARY_ASSIGN operation" name="AdminController - Security PATCH /users/roles - Security should handle TEMPORARY_ASSIGN operation" time="0.024">
    </testcase>
    <testcase classname="AdminController - Security PATCH /users/roles - Security should handle INHERIT operation" name="AdminController - Security PATCH /users/roles - Security should handle INHERIT operation" time="0.015">
    </testcase>
    <testcase classname="AdminController - Security PATCH /users/roles - Security should throw BadRequestException for unsupported operation" name="AdminController - Security PATCH /users/roles - Security should throw BadRequestException for unsupported operation" time="0.148">
    </testcase>
    <testcase classname="AdminController - Security PATCH /users/roles - Security should throw BadRequestException for TEMPORARY_ASSIGN without duration" name="AdminController - Security PATCH /users/roles - Security should throw BadRequestException for TEMPORARY_ASSIGN without duration" time="0.025">
    </testcase>
    <testcase classname="AdminController - Security PATCH /users/roles - Security should throw NotFoundException when user does not exist" name="AdminController - Security PATCH /users/roles - Security should throw NotFoundException when user does not exist" time="0.019">
    </testcase>
    <testcase classname="AdminController - Security PATCH /users/roles - Security should throw ForbiddenException when user does not belong to tenant" name="AdminController - Security PATCH /users/roles - Security should throw ForbiddenException when user does not belong to tenant" time="0.016">
    </testcase>
    <testcase classname="AdminController - Security PATCH /users/roles - Security should throw NotFoundException when roles do not exist in tenant" name="AdminController - Security PATCH /users/roles - Security should throw NotFoundException when roles do not exist in tenant" time="0.013">
    </testcase>
    <testcase classname="AdminController - Security PATCH /users/roles - Security should handle security logging for failed role updates" name="AdminController - Security PATCH /users/roles - Security should handle security logging for failed role updates" time="0.012">
    </testcase>
    <testcase classname="AdminController - Security PATCH /users/roles - Security should handle role update with multiple roles and complex metadata" name="AdminController - Security PATCH /users/roles - Security should handle role update with multiple roles and complex metadata" time="0.026">
    </testcase>
    <testcase classname="AdminController - Security PATCH /users/roles - Security should handle role update with special characters in reason" name="AdminController - Security PATCH /users/roles - Security should handle role update with special characters in reason" time="0.013">
    </testcase>
    <testcase classname="AdminController - Security Security Validation and Logging should log security events for user role updates" name="AdminController - Security Security Validation and Logging should log security events for user role updates" time="0.016">
    </testcase>
    <testcase classname="AdminController - Security Security Validation and Logging should handle role update with UUID format IDs" name="AdminController - Security Security Validation and Logging should handle role update with UUID format IDs" time="0.011">
    </testcase>
    <testcase classname="AdminController - Security Security Validation and Logging should handle role update with complex operation metadata" name="AdminController - Security Security Validation and Logging should handle role update with complex operation metadata" time="0.013">
    </testcase>
    <testcase classname="AdminController - Security Security Edge Cases should handle role update with empty roles array" name="AdminController - Security Security Edge Cases should handle role update with empty roles array" time="0.012">
    </testcase>
    <testcase classname="AdminController - Security Security Edge Cases should handle role update with very long reason text" name="AdminController - Security Security Edge Cases should handle role update with very long reason text" time="0.01">
    </testcase>
  </testsuite>
  <testsuite name="AdminController - Audit Log" errors="0" failures="0" skipped="0" timestamp="2025-11-27T04:54:48" time="1.579" tests="15">
    <testcase classname="AdminController - Audit Log GET /audit/events should return audit events with default pagination when no parameters provided" name="AdminController - Audit Log GET /audit/events should return audit events with default pagination when no parameters provided" time="0.04">
    </testcase>
    <testcase classname="AdminController - Audit Log GET /audit/events should return audit events with custom pagination parameters" name="AdminController - Audit Log GET /audit/events should return audit events with custom pagination parameters" time="0.034">
    </testcase>
    <testcase classname="AdminController - Audit Log GET /audit/events should throw BadRequestException when limit is less than 1" name="AdminController - Audit Log GET /audit/events should throw BadRequestException when limit is less than 1" time="0.214">
    </testcase>
    <testcase classname="AdminController - Audit Log GET /audit/events should throw BadRequestException when limit is greater than 100" name="AdminController - Audit Log GET /audit/events should throw BadRequestException when limit is greater than 100" time="0.019">
    </testcase>
    <testcase classname="AdminController - Audit Log GET /audit/events should throw BadRequestException when offset is negative" name="AdminController - Audit Log GET /audit/events should throw BadRequestException when offset is negative" time="0.016">
    </testcase>
    <testcase classname="AdminController - Audit Log GET /audit/events should throw BadRequestException when startDate format is invalid" name="AdminController - Audit Log GET /audit/events should throw BadRequestException when startDate format is invalid" time="0.018">
    </testcase>
    <testcase classname="AdminController - Audit Log GET /audit/events should throw BadRequestException when endDate format is invalid" name="AdminController - Audit Log GET /audit/events should throw BadRequestException when endDate format is invalid" time="0.016">
    </testcase>
    <testcase classname="AdminController - Audit Log GET /audit/events should handle valid ISO date formats correctly" name="AdminController - Audit Log GET /audit/events should handle valid ISO date formats correctly" time="0.014">
    </testcase>
    <testcase classname="AdminController - Audit Log GET /audit/events should handle date filtering with only start date" name="AdminController - Audit Log GET /audit/events should handle date filtering with only start date" time="0.013">
    </testcase>
    <testcase classname="AdminController - Audit Log GET /audit/events should handle date filtering with only end date" name="AdminController - Audit Log GET /audit/events should handle date filtering with only end date" time="0.013">
    </testcase>
    <testcase classname="AdminController - Audit Log GET /audit/events should handle all filter parameters simultaneously" name="AdminController - Audit Log GET /audit/events should handle all filter parameters simultaneously" time="0.016">
    </testcase>
    <testcase classname="AdminController - Audit Log GET /audit/events should log audit trail access event with all parameters" name="AdminController - Audit Log GET /audit/events should log audit trail access event with all parameters" time="0.014">
    </testcase>
    <testcase classname="AdminController - Audit Log GET /audit/events should handle empty string parameters as undefined" name="AdminController - Audit Log GET /audit/events should handle empty string parameters as undefined" time="0.012">
    </testcase>
    <testcase classname="AdminController - Audit Log Audit Log Edge Cases should handle maximum pagination values" name="AdminController - Audit Log Audit Log Edge Cases should handle maximum pagination values" time="0.011">
    </testcase>
    <testcase classname="AdminController - Audit Log Audit Log Edge Cases should handle complex metadata filtering" name="AdminController - Audit Log Audit Log Edge Cases should handle complex metadata filtering" time="0.013">
    </testcase>
  </testsuite>
  <testsuite name="TenantsController Guards Integration Tests (Supertest)" errors="0" failures="0" skipped="0" timestamp="2025-11-27T04:54:42" time="10.814" tests="9">
    <testcase classname="TenantsController Guards Integration Tests (Supertest) RolesGuard - Authorization Checks SUPER_ADMIN Endpoints (create, remove, activate) should allow SUPER_ADMIN to call activate and return 201" name="TenantsController Guards Integration Tests (Supertest) RolesGuard - Authorization Checks SUPER_ADMIN Endpoints (create, remove, activate) should allow SUPER_ADMIN to call activate and return 201" time="0.232">
    </testcase>
    <testcase classname="TenantsController Guards Integration Tests (Supertest) RolesGuard - Authorization Checks SUPER_ADMIN Endpoints (create, remove, activate) should reject non-SUPER_ADMIN users calling activate with 403 Forbidden" name="TenantsController Guards Integration Tests (Supertest) RolesGuard - Authorization Checks SUPER_ADMIN Endpoints (create, remove, activate) should reject non-SUPER_ADMIN users calling activate with 403 Forbidden" time="0.025">
    </testcase>
    <testcase classname="TenantsController Guards Integration Tests (Supertest) RolesGuard - Authorization Checks SUPER_ADMIN Endpoints (create, remove, activate) should reject non-SUPER_ADMIN users calling remove with 403 Forbidden" name="TenantsController Guards Integration Tests (Supertest) RolesGuard - Authorization Checks SUPER_ADMIN Endpoints (create, remove, activate) should reject non-SUPER_ADMIN users calling remove with 403 Forbidden" time="0.021">
    </testcase>
    <testcase classname="TenantsController Guards Integration Tests (Supertest) RolesGuard - Authorization Checks SUPER_ADMIN Endpoints (create, remove, activate) should reject non-SUPER_ADMIN users calling create with 403 Forbidden" name="TenantsController Guards Integration Tests (Supertest) RolesGuard - Authorization Checks SUPER_ADMIN Endpoints (create, remove, activate) should reject non-SUPER_ADMIN users calling create with 403 Forbidden" time="0.093">
    </testcase>
    <testcase classname="TenantsController Guards Integration Tests (Supertest) RolesGuard - Authorization Checks ADMIN/SUPER_ADMIN Endpoints (update) should allow ADMIN to update their own tenant and return 200" name="TenantsController Guards Integration Tests (Supertest) RolesGuard - Authorization Checks ADMIN/SUPER_ADMIN Endpoints (update) should allow ADMIN to update their own tenant and return 200" time="0.079">
    </testcase>
    <testcase classname="TenantsController Guards Integration Tests (Supertest) RolesGuard - Authorization Checks ADMIN/SUPER_ADMIN Endpoints (update) should reject ADMIN trying to update another tenant with 403 Forbidden (tenant isolation)" name="TenantsController Guards Integration Tests (Supertest) RolesGuard - Authorization Checks ADMIN/SUPER_ADMIN Endpoints (update) should reject ADMIN trying to update another tenant with 403 Forbidden (tenant isolation)" time="0.027">
    </testcase>
    <testcase classname="TenantsController Guards Integration Tests (Supertest) RolesGuard - Authorization Checks ADMIN/SUPER_ADMIN Endpoints (update) should reject REGULAR_USER trying to update any tenant with 403 Forbidden (insufficient role)" name="TenantsController Guards Integration Tests (Supertest) RolesGuard - Authorization Checks ADMIN/SUPER_ADMIN Endpoints (update) should reject REGULAR_USER trying to update any tenant with 403 Forbidden (insufficient role)" time="0.025">
    </testcase>
    <testcase classname="TenantsController Guards Integration Tests (Supertest) RolesGuard - Authorization Checks Tenant Member/SUPER_ADMIN Endpoints (findOne, getStats) should allow ADMIN to access their own tenant stats and return 200" name="TenantsController Guards Integration Tests (Supertest) RolesGuard - Authorization Checks Tenant Member/SUPER_ADMIN Endpoints (findOne, getStats) should allow ADMIN to access their own tenant stats and return 200" time="0.031">
    </testcase>
    <testcase classname="TenantsController Guards Integration Tests (Supertest) RolesGuard - Authorization Checks Tenant Member/SUPER_ADMIN Endpoints (findOne, getStats) should reject ADMIN trying to access another tenant&apos;s stats with 403 Forbidden (tenant isolation)" name="TenantsController Guards Integration Tests (Supertest) RolesGuard - Authorization Checks Tenant Member/SUPER_ADMIN Endpoints (findOne, getStats) should reject ADMIN trying to access another tenant&apos;s stats with 403 Forbidden (tenant isolation)" time="0.02">
    </testcase>
  </testsuite>
  <testsuite name="TenantsController Lifecycle Integration Tests" errors="0" failures="0" skipped="0" timestamp="2025-11-27T04:54:53" time="2.422" tests="3">
    <testcase classname="TenantsController Lifecycle Integration Tests Full Tenant Lifecycle: Create -&gt; Update -&gt; Deactivate -&gt; Activate -&gt; Read should successfully execute the full tenant lifecycle via HTTP requests" name="TenantsController Lifecycle Integration Tests Full Tenant Lifecycle: Create -&gt; Update -&gt; Deactivate -&gt; Activate -&gt; Read should successfully execute the full tenant lifecycle via HTTP requests" time="0.258">
    </testcase>
    <testcase classname="TenantsController Lifecycle Integration Tests Full Tenant Lifecycle: Create -&gt; Update -&gt; Deactivate -&gt; Activate -&gt; Read should reject activating an already active tenant" name="TenantsController Lifecycle Integration Tests Full Tenant Lifecycle: Create -&gt; Update -&gt; Deactivate -&gt; Activate -&gt; Read should reject activating an already active tenant" time="0.042">
    </testcase>
    <testcase classname="TenantsController Lifecycle Integration Tests Full Tenant Lifecycle: Create -&gt; Update -&gt; Deactivate -&gt; Activate -&gt; Read should invalidate cache after update, forcing a fresh read on subsequent list" name="TenantsController Lifecycle Integration Tests Full Tenant Lifecycle: Create -&gt; Update -&gt; Deactivate -&gt; Activate -&gt; Read should invalidate cache after update, forcing a fresh read on subsequent list" time="0">
    </testcase>
  </testsuite>
  <testsuite name="DeviceFingerprintingService - Bot Detection" errors="0" failures="0" skipped="0" timestamp="2025-11-27T04:54:56" time="0.744" tests="19">
    <testcase classname="DeviceFingerprintingService - Bot Detection User Agent Analysis for Bot Detection should detect known bots by user agent" name="DeviceFingerprintingService - Bot Detection User Agent Analysis for Bot Detection should detect known bots by user agent" time="0.021">
    </testcase>
    <testcase classname="DeviceFingerprintingService - Bot Detection User Agent Analysis for Bot Detection should detect non-browser clients" name="DeviceFingerprintingService - Bot Detection User Agent Analysis for Bot Detection should detect non-browser clients" time="0.014">
    </testcase>
    <testcase classname="DeviceFingerprintingService - Bot Detection User Agent Analysis for Bot Detection should detect minimal user agents" name="DeviceFingerprintingService - Bot Detection User Agent Analysis for Bot Detection should detect minimal user agents" time="0.011">
    </testcase>
    <testcase classname="DeviceFingerprintingService - Bot Detection User Agent Analysis for Bot Detection should return normal for legitimate browsers" name="DeviceFingerprintingService - Bot Detection User Agent Analysis for Bot Detection should return normal for legitimate browsers" time="0.007">
    </testcase>
    <testcase classname="DeviceFingerprintingService - Bot Detection User Agent Analysis for Bot Detection should handle null user agent" name="DeviceFingerprintingService - Bot Detection User Agent Analysis for Bot Detection should handle null user agent" time="0.009">
    </testcase>
    <testcase classname="DeviceFingerprintingService - Bot Detection Timing Analysis for Bot Detection should detect very fast response times" name="DeviceFingerprintingService - Bot Detection Timing Analysis for Bot Detection should detect very fast response times" time="0.02">
    </testcase>
    <testcase classname="DeviceFingerprintingService - Bot Detection Timing Analysis for Bot Detection should detect very slow response times" name="DeviceFingerprintingService - Bot Detection Timing Analysis for Bot Detection should detect very slow response times" time="0.007">
    </testcase>
    <testcase classname="DeviceFingerprintingService - Bot Detection Timing Analysis for Bot Detection should return normal for reasonable response times" name="DeviceFingerprintingService - Bot Detection Timing Analysis for Bot Detection should return normal for reasonable response times" time="0.005">
    </testcase>
    <testcase classname="DeviceFingerprintingService - Bot Detection Timing Analysis for Bot Detection should handle zero response time" name="DeviceFingerprintingService - Bot Detection Timing Analysis for Bot Detection should handle zero response time" time="0.006">
    </testcase>
    <testcase classname="DeviceFingerprintingService - Bot Detection Pattern Analysis for Bot Detection should detect suspicious URL patterns" name="DeviceFingerprintingService - Bot Detection Pattern Analysis for Bot Detection should detect suspicious URL patterns" time="0.009">
    </testcase>
    <testcase classname="DeviceFingerprintingService - Bot Detection Pattern Analysis for Bot Detection should detect suspicious HTTP methods" name="DeviceFingerprintingService - Bot Detection Pattern Analysis for Bot Detection should detect suspicious HTTP methods" time="0.006">
    </testcase>
    <testcase classname="DeviceFingerprintingService - Bot Detection Pattern Analysis for Bot Detection should return normal for safe patterns" name="DeviceFingerprintingService - Bot Detection Pattern Analysis for Bot Detection should return normal for safe patterns" time="0.004">
    </testcase>
    <testcase classname="DeviceFingerprintingService - Bot Detection Session Analysis for Bot Detection should analyze session and return normal behavior" name="DeviceFingerprintingService - Bot Detection Session Analysis for Bot Detection should analyze session and return normal behavior" time="0.005">
    </testcase>
    <testcase classname="DeviceFingerprintingService - Bot Detection Session Analysis for Bot Detection should handle session not found" name="DeviceFingerprintingService - Bot Detection Session Analysis for Bot Detection should handle session not found" time="0.008">
    </testcase>
    <testcase classname="DeviceFingerprintingService - Bot Detection Session Analysis for Bot Detection should handle null session ID" name="DeviceFingerprintingService - Bot Detection Session Analysis for Bot Detection should handle null session ID" time="0.008">
    </testcase>
    <testcase classname="DeviceFingerprintingService - Bot Detection Session Analysis for Bot Detection should handle database errors" name="DeviceFingerprintingService - Bot Detection Session Analysis for Bot Detection should handle database errors" time="0.06">
    </testcase>
    <testcase classname="DeviceFingerprintingService - Bot Detection Risk Score Calculation should calculate device risk score correctly" name="DeviceFingerprintingService - Bot Detection Risk Score Calculation should calculate device risk score correctly" time="0.006">
    </testcase>
    <testcase classname="DeviceFingerprintingService - Bot Detection Risk Score Calculation should handle zero confidence values" name="DeviceFingerprintingService - Bot Detection Risk Score Calculation should handle zero confidence values" time="0.009">
    </testcase>
    <testcase classname="DeviceFingerprintingService - Bot Detection Risk Score to Event Severity Mapping should map risk scores to event severity correctly" name="DeviceFingerprintingService - Bot Detection Risk Score to Event Severity Mapping should map risk scores to event severity correctly" time="0.01">
    </testcase>
  </testsuite>
  <testsuite name="AdminController" errors="0" failures="0" skipped="0" timestamp="2025-11-27T04:54:57" time="1.058" tests="15">
    <testcase classname="AdminController should be defined" name="AdminController should be defined" time="0.015">
    </testcase>
    <testcase classname="AdminController should be defined" name="AdminController should be defined" time="0.008">
    </testcase>
    <testcase classname="AdminController findAllUsers should call service with correct parameters" name="AdminController findAllUsers should call service with correct parameters" time="0.011">
    </testcase>
    <testcase classname="AdminController findAllUsers should throw BadRequestException for invalid limit" name="AdminController findAllUsers should throw BadRequestException for invalid limit" time="0.117">
    </testcase>
    <testcase classname="AdminController findAllUsers should throw BadRequestException for invalid offset" name="AdminController findAllUsers should throw BadRequestException for invalid offset" time="0.014">
    </testcase>
    <testcase classname="AdminController updateUserRole should call service with correct parameters" name="AdminController updateUserRole should call service with correct parameters" time="0.014">
    </testcase>
    <testcase classname="AdminController updateUserRole should log pre-validation event" name="AdminController updateUserRole should log pre-validation event" time="0.015">
    </testcase>
    <testcase classname="AdminController getAuditEvents should call service with correct parameters" name="AdminController getAuditEvents should call service with correct parameters" time="0.015">
    </testcase>
    <testcase classname="AdminController getAuditEvents should throw BadRequestException for invalid date format" name="AdminController getAuditEvents should throw BadRequestException for invalid date format" time="0.013">
    </testcase>
    <testcase classname="AdminController getRoleAnalytics should call service with correct parameters" name="AdminController getRoleAnalytics should call service with correct parameters" time="0.013">
    </testcase>
    <testcase classname="AdminController getTenantUserStats should call service with correct parameters" name="AdminController getTenantUserStats should call service with correct parameters" time="0.012">
    </testcase>
    <testcase classname="AdminController bulkUpdateUserRoles should call service with correct parameters" name="AdminController bulkUpdateUserRoles should call service with correct parameters" time="0.026">
    </testcase>
    <testcase classname="AdminController bulkUpdateUserRoles should throw BadRequestException for empty userIds array" name="AdminController bulkUpdateUserRoles should throw BadRequestException for empty userIds array" time="0.012">
    </testcase>
    <testcase classname="AdminController bulkUpdateUserRoles should throw BadRequestException for invalid operation" name="AdminController bulkUpdateUserRoles should throw BadRequestException for invalid operation" time="0.014">
    </testcase>
    <testcase classname="AdminController getUserRoleDetails should call service with correct parameters" name="AdminController getUserRoleDetails should call service with correct parameters" time="0.015">
    </testcase>
  </testsuite>
  <testsuite name="Admin E2E Tests" errors="0" failures="0" skipped="0" timestamp="2025-11-27T04:54:59" time="1.911" tests="7">
    <testcase classname="Admin E2E Tests findAllUsers E2E should return paginated users with valid authentication and authorization" name="Admin E2E Tests findAllUsers E2E should return paginated users with valid authentication and authorization" time="0.057">
    </testcase>
    <testcase classname="Admin E2E Tests findAllUsers E2E should return 400 for invalid pagination parameters" name="Admin E2E Tests findAllUsers E2E should return 400 for invalid pagination parameters" time="0.037">
    </testcase>
    <testcase classname="Admin E2E Tests updateUserRole E2E should update user roles successfully" name="Admin E2E Tests updateUserRole E2E should update user roles successfully" time="0.091">
    </testcase>
    <testcase classname="Admin E2E Tests updateUserRole E2E should return 400 for invalid operation type" name="Admin E2E Tests updateUserRole E2E should return 400 for invalid operation type" time="0.044">
    </testcase>
    <testcase classname="Admin E2E Tests getAuditEvents E2E should return paginated audit events" name="Admin E2E Tests getAuditEvents E2E should return paginated audit events" time="0.028">
    </testcase>
    <testcase classname="Admin E2E Tests getRoleAnalytics E2E should return role analytics for a tenant" name="Admin E2E Tests getRoleAnalytics E2E should return role analytics for a tenant" time="0.021">
    </testcase>
    <testcase classname="Admin E2E Tests bulkUpdateUserRoles E2E should perform bulk role updates successfully" name="Admin E2E Tests bulkUpdateUserRoles E2E should perform bulk role updates successfully" time="0.054">
    </testcase>
  </testsuite>
  <testsuite name="TenantsController (Unit)" errors="0" failures="0" skipped="0" timestamp="2025-11-27T04:55:02" time="1.428" tests="24">
    <testcase classname="TenantsController (Unit) should be defined" name="TenantsController (Unit) should be defined" time="0.018">
    </testcase>
    <testcase classname="TenantsController (Unit) findAll should call tenantsService.findAll with correct parameters and return paginated result" name="TenantsController (Unit) findAll should call tenantsService.findAll with correct parameters and return paginated result" time="0.012">
    </testcase>
    <testcase classname="TenantsController (Unit) findAll should validate pagination parameters and log security error" name="TenantsController (Unit) findAll should validate pagination parameters and log security error" time="0.134">
    </testcase>
    <testcase classname="TenantsController (Unit) findAll should handle service returning undefined gracefully" name="TenantsController (Unit) findAll should handle service returning undefined gracefully" time="0.011">
    </testcase>
    <testcase classname="TenantsController (Unit) create should call tenantsService.create with correct parameters and return result" name="TenantsController (Unit) create should call tenantsService.create with correct parameters and return result" time="0.018">
    </testcase>
    <testcase classname="TenantsController (Unit) create should handle service returning undefined gracefully" name="TenantsController (Unit) create should handle service returning undefined gracefully" time="0.016">
    </testcase>
    <testcase classname="TenantsController (Unit) findOne should call tenantsService.findOne with correct parameters and return result" name="TenantsController (Unit) findOne should call tenantsService.findOne with correct parameters and return result" time="0.032">
    </testcase>
    <testcase classname="TenantsController (Unit) findOne should validate slug format and throw BadRequestException" name="TenantsController (Unit) findOne should validate slug format and throw BadRequestException" time="0.017">
    </testcase>
    <testcase classname="TenantsController (Unit) findOne should enforce tenant isolation and throw ForbiddenException (unit test for internal check)" name="TenantsController (Unit) findOne should enforce tenant isolation and throw ForbiddenException (unit test for internal check)" time="0.021">
    </testcase>
    <testcase classname="TenantsController (Unit) findOne should handle service returning undefined gracefully" name="TenantsController (Unit) findOne should handle service returning undefined gracefully" time="0.02">
    </testcase>
    <testcase classname="TenantsController (Unit) update should call tenantsService.update with correct parameters and return result" name="TenantsController (Unit) update should call tenantsService.update with correct parameters and return result" time="0.025">
    </testcase>
    <testcase classname="TenantsController (Unit) update should validate slug format and throw BadRequestException" name="TenantsController (Unit) update should validate slug format and throw BadRequestException" time="0.018">
    </testcase>
    <testcase classname="TenantsController (Unit) update should enforce tenant isolation and throw ForbiddenException (unit test for internal check)" name="TenantsController (Unit) update should enforce tenant isolation and throw ForbiddenException (unit test for internal check)" time="0.02">
    </testcase>
    <testcase classname="TenantsController (Unit) update should handle service returning undefined gracefully" name="TenantsController (Unit) update should handle service returning undefined gracefully" time="0.02">
    </testcase>
    <testcase classname="TenantsController (Unit) remove should call tenantsService.remove with correct parameters and return result" name="TenantsController (Unit) remove should call tenantsService.remove with correct parameters and return result" time="0.035">
    </testcase>
    <testcase classname="TenantsController (Unit) remove should validate slug format and throw BadRequestException" name="TenantsController (Unit) remove should validate slug format and throw BadRequestException" time="0.011">
    </testcase>
    <testcase classname="TenantsController (Unit) remove should handle service returning undefined gracefully" name="TenantsController (Unit) remove should handle service returning undefined gracefully" time="0.012">
    </testcase>
    <testcase classname="TenantsController (Unit) getStats should call tenantsService.getTenantStats with correct parameters and return result" name="TenantsController (Unit) getStats should call tenantsService.getTenantStats with correct parameters and return result" time="0.022">
    </testcase>
    <testcase classname="TenantsController (Unit) getStats should validate slug format and throw BadRequestException" name="TenantsController (Unit) getStats should validate slug format and throw BadRequestException" time="0.01">
    </testcase>
    <testcase classname="TenantsController (Unit) getStats should enforce tenant isolation and throw ForbiddenException (unit test for internal check)" name="TenantsController (Unit) getStats should enforce tenant isolation and throw ForbiddenException (unit test for internal check)" time="0.015">
    </testcase>
    <testcase classname="TenantsController (Unit) getStats should handle service returning undefined gracefully" name="TenantsController (Unit) getStats should handle service returning undefined gracefully" time="0.018">
    </testcase>
    <testcase classname="TenantsController (Unit) activate should call tenantsService.activate with correct parameters and return result" name="TenantsController (Unit) activate should call tenantsService.activate with correct parameters and return result" time="0.023">
    </testcase>
    <testcase classname="TenantsController (Unit) activate should validate slug format and throw BadRequestException" name="TenantsController (Unit) activate should validate slug format and throw BadRequestException" time="0.009">
    </testcase>
    <testcase classname="TenantsController (Unit) activate should handle service returning undefined gracefully" name="TenantsController (Unit) activate should handle service returning undefined gracefully" time="0.011">
    </testcase>
  </testsuite>
  <testsuite name="AuthController.logout (two-event)" errors="0" failures="0" skipped="0" timestamp="2025-11-27T04:55:03" time="0.758" tests="2">
    <testcase classname="AuthController.logout (two-event) valid session → revokes, clears cookies, logs LOGOUT" name="AuthController.logout (two-event) valid session → revokes, clears cookies, logs LOGOUT" time="0.021">
    </testcase>
    <testcase classname="AuthController.logout (two-event) invalid/stale session → logs LOGOUT_ATTEMPT_INVALID then LOGOUT" name="AuthController.logout (two-event) invalid/stale session → logs LOGOUT_ATTEMPT_INVALID then LOGOUT" time="0.003">
    </testcase>
  </testsuite>
  <testsuite name="BotDetectionService" errors="0" failures="0" skipped="0" timestamp="2025-11-27T04:55:04" time="1.402" tests="3">
    <testcase classname="BotDetectionService should be defined" name="BotDetectionService should be defined" time="0.027">
    </testcase>
    <testcase classname="BotDetectionService analyzeRequest should detect bot behavior" name="BotDetectionService analyzeRequest should detect bot behavior" time="0.565">
    </testcase>
    <testcase classname="BotDetectionService analyzeRequest should allow human-like requests" name="BotDetectionService analyzeRequest should allow human-like requests" time="0.262">
    </testcase>
  </testsuite>
  <testsuite name="BehavioralAnalysisService - Integration" errors="0" failures="0" skipped="0" timestamp="2025-11-27T04:54:50" time="16.014" tests="9">
    <testcase classname="BehavioralAnalysisService - Integration End-to-End Behavioral Analysis should detect bot-like behavior across multiple requests" name="BehavioralAnalysisService - Integration End-to-End Behavioral Analysis should detect bot-like behavior across multiple requests" time="0.544">
    </testcase>
    <testcase classname="BehavioralAnalysisService - Integration End-to-End Behavioral Analysis should maintain normal behavior for human-like patterns" name="BehavioralAnalysisService - Integration End-to-End Behavioral Analysis should maintain normal behavior for human-like patterns" time="11.626">
    </testcase>
    <testcase classname="BehavioralAnalysisService - Integration End-to-End Behavioral Analysis should detect and block critical threat behavior" name="BehavioralAnalysisService - Integration End-to-End Behavioral Analysis should detect and block critical threat behavior" time="0.284">
    </testcase>
    <testcase classname="BehavioralAnalysisService - Integration End-to-End Behavioral Analysis should handle mixed behavior patterns correctly" name="BehavioralAnalysisService - Integration End-to-End Behavioral Analysis should handle mixed behavior patterns correctly" time="2.784">
    </testcase>
    <testcase classname="BehavioralAnalysisService - Integration Statistical Methods should provide user session statistics" name="BehavioralAnalysisService - Integration Statistical Methods should provide user session statistics" time="0.011">
    </testcase>
    <testcase classname="BehavioralAnalysisService - Integration Statistical Methods should provide IP statistics" name="BehavioralAnalysisService - Integration Statistical Methods should provide IP statistics" time="0.01">
    </testcase>
    <testcase classname="BehavioralAnalysisService - Integration Statistical Methods should handle statistics for non-existent users and IPs" name="BehavioralAnalysisService - Integration Statistical Methods should handle statistics for non-existent users and IPs" time="0.01">
    </testcase>
    <testcase classname="BehavioralAnalysisService - Integration Configuration Boundaries should respect maximum session limits" name="BehavioralAnalysisService - Integration Configuration Boundaries should respect maximum session limits" time="0.01">
    </testcase>
    <testcase classname="BehavioralAnalysisService - Integration Configuration Boundaries should handle edge cases in timing analysis" name="BehavioralAnalysisService - Integration Configuration Boundaries should handle edge cases in timing analysis" time="0.01">
    </testcase>
  </testsuite>
  <testsuite name="AdminController - Cache" errors="0" failures="0" skipped="0" timestamp="2025-11-27T04:55:06" time="1.539" tests="21">
    <testcase classname="AdminController - Cache GET /users - Cache Integration should retrieve users with default pagination and caching" name="AdminController - Cache GET /users - Cache Integration should retrieve users with default pagination and caching" time="0.031">
    </testcase>
    <testcase classname="AdminController - Cache GET /users - Cache Integration should retrieve users with custom pagination and caching" name="AdminController - Cache GET /users - Cache Integration should retrieve users with custom pagination and caching" time="0.015">
    </testcase>
    <testcase classname="AdminController - Cache GET /users - Cache Integration should handle includeRoleDetails parameter correctly" name="AdminController - Cache GET /users - Cache Integration should handle includeRoleDetails parameter correctly" time="0.015">
    </testcase>
    <testcase classname="AdminController - Cache GET /users - Cache Integration should handle includeRoleDetails parameter as false" name="AdminController - Cache GET /users - Cache Integration should handle includeRoleDetails parameter as false" time="0.013">
    </testcase>
    <testcase classname="AdminController - Cache GET /users - Cache Integration should handle includeRoleDetails parameter as invalid value" name="AdminController - Cache GET /users - Cache Integration should handle includeRoleDetails parameter as invalid value" time="0.013">
    </testcase>
    <testcase classname="AdminController - Cache GET /users - Cache Integration should throw BadRequestException when limit is invalid" name="AdminController - Cache GET /users - Cache Integration should throw BadRequestException when limit is invalid" time="0.173">
    </testcase>
    <testcase classname="AdminController - Cache GET /users - Cache Integration should throw BadRequestException when offset is negative" name="AdminController - Cache GET /users - Cache Integration should throw BadRequestException when offset is negative" time="0.031">
    </testcase>
    <testcase classname="AdminController - Cache GET /users - Cache Integration should handle tenant filtering in cache" name="AdminController - Cache GET /users - Cache Integration should handle tenant filtering in cache" time="0.015">
    </testcase>
    <testcase classname="AdminController - Cache GET /users - Cache Integration should handle search parameter with caching" name="AdminController - Cache GET /users - Cache Integration should handle search parameter with caching" time="0.013">
    </testcase>
    <testcase classname="AdminController - Cache GET /users - Cache Integration should handle status parameter with caching" name="AdminController - Cache GET /users - Cache Integration should handle status parameter with caching" time="0.013">
    </testcase>
    <testcase classname="AdminController - Cache GET /users - Cache Integration should handle all parameters with caching" name="AdminController - Cache GET /users - Cache Integration should handle all parameters with caching" time="0.011">
    </testcase>
    <testcase classname="AdminController - Cache GET /users/:userId/roles - Cache Integration should retrieve user role details with caching" name="AdminController - Cache GET /users/:userId/roles - Cache Integration should retrieve user role details with caching" time="0.012">
    </testcase>
    <testcase classname="AdminController - Cache GET /users/:userId/roles - Cache Integration should throw NotFoundException when user does not exist" name="AdminController - Cache GET /users/:userId/roles - Cache Integration should throw NotFoundException when user does not exist" time="0.014">
    </testcase>
    <testcase classname="AdminController - Cache GET /users/:userId/roles - Cache Integration should handle user with multiple roles and permissions" name="AdminController - Cache GET /users/:userId/roles - Cache Integration should handle user with multiple roles and permissions" time="0.015">
    </testcase>
    <testcase classname="AdminController - Cache GET /users/:userId/roles - Cache Integration should handle user with no roles" name="AdminController - Cache GET /users/:userId/roles - Cache Integration should handle user with no roles" time="0.013">
    </testcase>
    <testcase classname="AdminController - Cache GET /users/:userId/roles - Cache Integration should handle user with roles but no permissions" name="AdminController - Cache GET /users/:userId/roles - Cache Integration should handle user with roles but no permissions" time="0.012">
    </testcase>
    <testcase classname="AdminController - Cache GET /users/:userId/roles - Cache Integration should handle complex permissions with nested resources" name="AdminController - Cache GET /users/:userId/roles - Cache Integration should handle complex permissions with nested resources" time="0.012">
    </testcase>
    <testcase classname="AdminController - Cache Cache Integration Edge Cases should handle users with special characters in search" name="AdminController - Cache Cache Integration Edge Cases should handle users with special characters in search" time="0.011">
    </testcase>
    <testcase classname="AdminController - Cache Cache Integration Edge Cases should handle tenant ID with UUID format" name="AdminController - Cache Cache Integration Edge Cases should handle tenant ID with UUID format" time="0.011">
    </testcase>
    <testcase classname="AdminController - Cache Cache Integration Edge Cases should handle user ID with UUID format" name="AdminController - Cache Cache Integration Edge Cases should handle user ID with UUID format" time="0.012">
    </testcase>
    <testcase classname="AdminController - Cache Cache Integration Edge Cases should handle pagination with maximum values" name="AdminController - Cache Cache Integration Edge Cases should handle pagination with maximum values" time="0.034">
    </testcase>
  </testsuite>
  <testsuite name="TenantsController (e2e)" errors="0" failures="0" skipped="0" timestamp="2025-11-27T04:55:06" time="3.026" tests="7">
    <testcase classname="TenantsController (e2e) POST /v1/tenants - Authorization Tests should reject non-SUPER_ADMIN users with 401 Unauthorized (due to security mapping)" name="TenantsController (e2e) POST /v1/tenants - Authorization Tests should reject non-SUPER_ADMIN users with 401 Unauthorized (due to security mapping)" time="0.248">
    </testcase>
    <testcase classname="TenantsController (e2e) POST /v1/tenants - Authorization Tests should allow SUPER_ADMIN users to create tenants" name="TenantsController (e2e) POST /v1/tenants - Authorization Tests should allow SUPER_ADMIN users to create tenants" time="0.081">
    </testcase>
    <testcase classname="TenantsController (e2e) POST /v1/tenants - Authorization Tests should reject requests without valid authentication" name="TenantsController (e2e) POST /v1/tenants - Authorization Tests should reject requests without valid authentication" time="0.034">
    </testcase>
    <testcase classname="TenantsController (e2e) POST /v1/tenants - Authorization Tests should reject requests with invalid CSRF tokens" name="TenantsController (e2e) POST /v1/tenants - Authorization Tests should reject requests with invalid CSRF tokens" time="0.046">
    </testcase>
    <testcase classname="TenantsController (e2e) GET /v1/tenants - Authorization Tests should allow SUPER_ADMIN to list all tenants" name="TenantsController (e2e) GET /v1/tenants - Authorization Tests should allow SUPER_ADMIN to list all tenants" time="0.231">
    </testcase>
    <testcase classname="TenantsController (e2e) GET /v1/tenants - Authorization Tests should allow ADMIN to list tenants with tenant isolation" name="TenantsController (e2e) GET /v1/tenants - Authorization Tests should allow ADMIN to list tenants with tenant isolation" time="0.091">
    </testcase>
    <testcase classname="TenantsController (e2e) GET /v1/tenants - Authorization Tests should reject regular users from listing all tenants" name="TenantsController (e2e) GET /v1/tenants - Authorization Tests should reject regular users from listing all tenants" time="0.038">
    </testcase>
  </testsuite>
  <testsuite name="AuthController.logout (two-event)" errors="0" failures="0" skipped="0" timestamp="2025-11-27T04:55:08" time="1.53" tests="2">
    <testcase classname="AuthController.logout (two-event) valid session → revokes, clears cookies, logs LOGOUT" name="AuthController.logout (two-event) valid session → revokes, clears cookies, logs LOGOUT" time="0.048">
    </testcase>
    <testcase classname="AuthController.logout (two-event) invalid/stale session → logs LOGOUT_ATTEMPT_INVALID then LOGOUT" name="AuthController.logout (two-event) invalid/stale session → logs LOGOUT_ATTEMPT_INVALID then LOGOUT" time="0.004">
    </testcase>
  </testsuite>
  <testsuite name="TenantsService - getTenantStats Unit Tests" errors="0" failures="0" skipped="0" timestamp="2025-11-27T04:55:10" time="0.885" tests="3">
    <testcase classname="TenantsService - getTenantStats Unit Tests getTenantStats should call Prisma to find tenant existence, then fetch all counts, return aggregated stats, and cache the result" name="TenantsService - getTenantStats Unit Tests getTenantStats should call Prisma to find tenant existence, then fetch all counts, return aggregated stats, and cache the result" time="0.048">
    </testcase>
    <testcase classname="TenantsService - getTenantStats Unit Tests getTenantStats should throw NotFoundException if tenant does not exist" name="TenantsService - getTenantStats Unit Tests getTenantStats should throw NotFoundException if tenant does not exist" time="0.152">
    </testcase>
    <testcase classname="TenantsService - getTenantStats Unit Tests getTenantStats should return cached stats if available and not call Prisma counts" name="TenantsService - getTenantStats Unit Tests getTenantStats should return cached stats if available and not call Prisma counts" time="0.021">
    </testcase>
  </testsuite>
  <testsuite name="AdminController - Validation" errors="0" failures="0" skipped="0" timestamp="2025-11-27T04:55:11" time="2.065" tests="28">
    <testcase classname="AdminController - Validation GET /users - Validation should throw BadRequestException when limit is less than 1" name="AdminController - Validation GET /users - Validation should throw BadRequestException when limit is less than 1" time="0.559">
    </testcase>
    <testcase classname="AdminController - Validation GET /users - Validation should throw BadRequestException when limit is greater than 100" name="AdminController - Validation GET /users - Validation should throw BadRequestException when limit is greater than 100" time="0.018">
    </testcase>
    <testcase classname="AdminController - Validation GET /users - Validation should throw BadRequestException when offset is negative" name="AdminController - Validation GET /users - Validation should throw BadRequestException when offset is negative" time="0.02">
    </testcase>
    <testcase classname="AdminController - Validation GET /users - Validation should handle valid limit values correctly" name="AdminController - Validation GET /users - Validation should handle valid limit values correctly" time="0.016">
    </testcase>
    <testcase classname="AdminController - Validation GET /users - Validation should handle valid offset values correctly" name="AdminController - Validation GET /users - Validation should handle valid offset values correctly" time="0.015">
    </testcase>
    <testcase classname="AdminController - Validation GET /audit/events - Validation should throw BadRequestException when limit is less than 1" name="AdminController - Validation GET /audit/events - Validation should throw BadRequestException when limit is less than 1" time="0.025">
    </testcase>
    <testcase classname="AdminController - Validation GET /audit/events - Validation should throw BadRequestException when limit is greater than 100" name="AdminController - Validation GET /audit/events - Validation should throw BadRequestException when limit is greater than 100" time="0.037">
    </testcase>
    <testcase classname="AdminController - Validation GET /audit/events - Validation should throw BadRequestException when offset is negative" name="AdminController - Validation GET /audit/events - Validation should throw BadRequestException when offset is negative" time="0.028">
    </testcase>
    <testcase classname="AdminController - Validation GET /audit/events - Validation should throw BadRequestException when startDate format is invalid" name="AdminController - Validation GET /audit/events - Validation should throw BadRequestException when startDate format is invalid" time="0.017">
    </testcase>
    <testcase classname="AdminController - Validation GET /audit/events - Validation should throw BadRequestException when endDate format is invalid" name="AdminController - Validation GET /audit/events - Validation should throw BadRequestException when endDate format is invalid" time="0.013">
    </testcase>
    <testcase classname="AdminController - Validation GET /audit/events - Validation should handle valid date formats correctly" name="AdminController - Validation GET /audit/events - Validation should handle valid date formats correctly" time="0.032">
    </testcase>
    <testcase classname="AdminController - Validation GET /audit/events - Validation should handle various valid date formats" name="AdminController - Validation GET /audit/events - Validation should handle various valid date formats" time="0.019">
    </testcase>
    <testcase classname="AdminController - Validation GET /audit/events - Validation should handle valid limit and offset combinations" name="AdminController - Validation GET /audit/events - Validation should handle valid limit and offset combinations" time="0.016">
    </testcase>
    <testcase classname="AdminController - Validation POST /users/bulk/roles - Validation should throw BadRequestException when userIds is empty array" name="AdminController - Validation POST /users/bulk/roles - Validation should throw BadRequestException when userIds is empty array" time="0.017">
    </testcase>
    <testcase classname="AdminController - Validation POST /users/bulk/roles - Validation should throw BadRequestException when userIds is not an array" name="AdminController - Validation POST /users/bulk/roles - Validation should throw BadRequestException when userIds is not an array" time="0.019">
    </testcase>
    <testcase classname="AdminController - Validation POST /users/bulk/roles - Validation should throw BadRequestException when roleIds is empty array" name="AdminController - Validation POST /users/bulk/roles - Validation should throw BadRequestException when roleIds is empty array" time="0.018">
    </testcase>
    <testcase classname="AdminController - Validation POST /users/bulk/roles - Validation should throw BadRequestException when roleIds is not an array" name="AdminController - Validation POST /users/bulk/roles - Validation should throw BadRequestException when roleIds is not an array" time="0.039">
    </testcase>
    <testcase classname="AdminController - Validation POST /users/bulk/roles - Validation should throw BadRequestException when operation is invalid" name="AdminController - Validation POST /users/bulk/roles - Validation should throw BadRequestException when operation is invalid" time="0.018">
    </testcase>
    <testcase classname="AdminController - Validation POST /users/bulk/roles - Validation should handle valid operation values correctly" name="AdminController - Validation POST /users/bulk/roles - Validation should handle valid operation values correctly" time="0.014">
    </testcase>
    <testcase classname="AdminController - Validation POST /users/bulk/roles - Validation should handle valid user and role ID arrays" name="AdminController - Validation POST /users/bulk/roles - Validation should handle valid user and role ID arrays" time="0.013">
    </testcase>
    <testcase classname="AdminController - Validation Validation Edge Cases should handle edge case values for pagination" name="AdminController - Validation Validation Edge Cases should handle edge case values for pagination" time="0.013">
    </testcase>
    <testcase classname="AdminController - Validation Validation Edge Cases should handle large offset values" name="AdminController - Validation Validation Edge Cases should handle large offset values" time="0.012">
    </testcase>
    <testcase classname="AdminController - Validation Validation Edge Cases should handle maximum pagination values" name="AdminController - Validation Validation Edge Cases should handle maximum pagination values" time="0.013">
    </testcase>
    <testcase classname="AdminController - Validation Validation Edge Cases should handle empty string parameters as undefined" name="AdminController - Validation Validation Edge Cases should handle empty string parameters as undefined" time="0.013">
    </testcase>
    <testcase classname="AdminController - Validation Validation Edge Cases should handle null parameters" name="AdminController - Validation Validation Edge Cases should handle null parameters" time="0.013">
    </testcase>
    <testcase classname="AdminController - Validation Validation Edge Cases should handle very large number values" name="AdminController - Validation Validation Edge Cases should handle very large number values" time="0.017">
    </testcase>
    <testcase classname="AdminController - Validation Validation Edge Cases should handle date validation with timezone formats" name="AdminController - Validation Validation Edge Cases should handle date validation with timezone formats" time="0.015">
    </testcase>
    <testcase classname="AdminController - Validation Validation Edge Cases should handle date validation with various edge cases" name="AdminController - Validation Validation Edge Cases should handle date validation with various edge cases" time="0.012">
    </testcase>
  </testsuite>
  <testsuite name="Admin Guard Integration Tests" errors="0" failures="0" skipped="0" timestamp="2025-11-27T04:55:10" time="4.364" tests="13">
    <testcase classname="Admin Guard Integration Tests Authentication Guard Tests should return 401 for requests without JWT token" name="Admin Guard Integration Tests Authentication Guard Tests should return 401 for requests without JWT token" time="0.237">
    </testcase>
    <testcase classname="Admin Guard Integration Tests Authentication Guard Tests should return 401 for requests with invalid JWT token (e.g., session not found)" name="Admin Guard Integration Tests Authentication Guard Tests should return 401 for requests with invalid JWT token (e.g., session not found)" time="0.128">
    </testcase>
    <testcase classname="Admin Guard Integration Tests Authentication Guard Tests should return 401 for requests with expired JWT token" name="Admin Guard Integration Tests Authentication Guard Tests should return 401 for requests with expired JWT token" time="0.105">
    </testcase>
    <testcase classname="Admin Guard Integration Tests Authentication Guard Tests should return 401 for requests with revoked JWT token" name="Admin Guard Integration Tests Authentication Guard Tests should return 401 for requests with revoked JWT token" time="0.097">
    </testcase>
    <testcase classname="Admin Guard Integration Tests Role Guard Tests should reject non-ADMIN/SUPER_ADMIN users with ForbiddenException" name="Admin Guard Integration Tests Role Guard Tests should reject non-ADMIN/SUPER_ADMIN users with ForbiddenException" time="0.091">
    </testcase>
    <testcase classname="Admin Guard Integration Tests Role Guard Tests should allow ADMIN users to access ADMIN endpoints" name="Admin Guard Integration Tests Role Guard Tests should allow ADMIN users to access ADMIN endpoints" time="0.259">
    </testcase>
    <testcase classname="Admin Guard Integration Tests Role Guard Tests should allow SUPER_ADMIN users to access ADMIN endpoints" name="Admin Guard Integration Tests Role Guard Tests should allow SUPER_ADMIN users to access ADMIN endpoints" time="0.081">
    </testcase>
    <testcase classname="Admin Guard Integration Tests CSRF Guard Tests should reject requests without CSRF token" name="Admin Guard Integration Tests CSRF Guard Tests should reject requests without CSRF token" time="0.078">
    </testcase>
    <testcase classname="Admin Guard Integration Tests CSRF Guard Tests should reject requests with mismatched CSRF tokens" name="Admin Guard Integration Tests CSRF Guard Tests should reject requests with mismatched CSRF tokens" time="0.051">
    </testcase>
    <testcase classname="Admin Guard Integration Tests CSRF Guard Tests should allow requests with valid CSRF tokens" name="Admin Guard Integration Tests CSRF Guard Tests should allow requests with valid CSRF tokens" time="0.086">
    </testcase>
    <testcase classname="Admin Guard Integration Tests Tenant Guard Tests should reject requests with invalid tenant slug format" name="Admin Guard Integration Tests Tenant Guard Tests should reject requests with invalid tenant slug format" time="0.09">
    </testcase>
    <testcase classname="Admin Guard Integration Tests Tenant Guard Tests should reject requests with non-existent tenant" name="Admin Guard Integration Tests Tenant Guard Tests should reject requests with non-existent tenant" time="0.047">
    </testcase>
    <testcase classname="Admin Guard Integration Tests Tenant Guard Tests should reject requests with tenant mismatch" name="Admin Guard Integration Tests Tenant Guard Tests should reject requests with tenant mismatch" time="0.043">
    </testcase>
  </testsuite>
  <testsuite name="BotDetectionService - User Agent Analysis" errors="0" failures="0" skipped="0" timestamp="2025-11-27T04:55:16" time="1.17" tests="7">
    <testcase classname="BotDetectionService - User Agent Analysis User Agent Analysis should detect known bots by user agent" name="BotDetectionService - User Agent Analysis User Agent Analysis should detect known bots by user agent" time="0.046">
    </testcase>
    <testcase classname="BotDetectionService - User Agent Analysis User Agent Analysis should detect non-browser clients and known bot patterns (as determined by runtime config)" name="BotDetectionService - User Agent Analysis User Agent Analysis should detect non-browser clients and known bot patterns (as determined by runtime config)" time="0.011">
    </testcase>
    <testcase classname="BotDetectionService - User Agent Analysis User Agent Analysis should detect clients matching only non-browser patterns (if applicable)" name="BotDetectionService - User Agent Analysis User Agent Analysis should detect clients matching only non-browser patterns (if applicable)" time="0.01">
    </testcase>
    <testcase classname="BotDetectionService - User Agent Analysis User Agent Analysis should detect minimal user agents" name="BotDetectionService - User Agent Analysis User Agent Analysis should detect minimal user agents" time="0.014">
    </testcase>
    <testcase classname="BotDetectionService - User Agent Analysis User Agent Analysis should return human-like for normal browsers" name="BotDetectionService - User Agent Analysis User Agent Analysis should return human-like for normal browsers" time="0.023">
    </testcase>
    <testcase classname="BotDetectionService - User Agent Analysis User Agent Analysis should handle null user agent" name="BotDetectionService - User Agent Analysis User Agent Analysis should handle null user agent" time="0.018">
    </testcase>
    <testcase classname="BotDetectionService - User Agent Analysis User Agent Analysis should handle empty user agent" name="BotDetectionService - User Agent Analysis User Agent Analysis should handle empty user agent" time="0.01">
    </testcase>
  </testsuite>
  <testsuite name="TenantsController &amp; TenantsService Validation Tests - Unit" errors="0" failures="0" skipped="0" timestamp="2025-11-27T04:55:13" time="4.128" tests="40">
    <testcase classname="TenantsController &amp; TenantsService Validation Tests - Unit Controller-Level Validation Slug Format Validation (Controller) should log validation error and throw BadRequestException for slug failing initial format check: invalid@slug" name="TenantsController &amp; TenantsService Validation Tests - Unit Controller-Level Validation Slug Format Validation (Controller) should log validation error and throw BadRequestException for slug failing initial format check: invalid@slug" time="0.328">
    </testcase>
    <testcase classname="TenantsController &amp; TenantsService Validation Tests - Unit Controller-Level Validation Slug Format Validation (Controller) should log validation error and throw BadRequestException for slug failing initial format check: invalid slug" name="TenantsController &amp; TenantsService Validation Tests - Unit Controller-Level Validation Slug Format Validation (Controller) should log validation error and throw BadRequestException for slug failing initial format check: invalid slug" time="0.035">
    </testcase>
    <testcase classname="TenantsController &amp; TenantsService Validation Tests - Unit Controller-Level Validation Slug Format Validation (Controller) should log validation error and throw BadRequestException for slug failing initial format check: invalid/slug" name="TenantsController &amp; TenantsService Validation Tests - Unit Controller-Level Validation Slug Format Validation (Controller) should log validation error and throw BadRequestException for slug failing initial format check: invalid/slug" time="0.025">
    </testcase>
    <testcase classname="TenantsController &amp; TenantsService Validation Tests - Unit Controller-Level Validation Slug Format Validation (Controller) should log validation error and throw BadRequestException for slug failing initial format check: invalid\slug" name="TenantsController &amp; TenantsService Validation Tests - Unit Controller-Level Validation Slug Format Validation (Controller) should log validation error and throw BadRequestException for slug failing initial format check: invalid\slug" time="0.023">
    </testcase>
    <testcase classname="TenantsController &amp; TenantsService Validation Tests - Unit Controller-Level Validation Slug Format Validation (Controller) should log validation error and throw BadRequestException for slug failing initial format check: invalid#slug" name="TenantsController &amp; TenantsService Validation Tests - Unit Controller-Level Validation Slug Format Validation (Controller) should log validation error and throw BadRequestException for slug failing initial format check: invalid#slug" time="0.029">
    </testcase>
    <testcase classname="TenantsController &amp; TenantsService Validation Tests - Unit Controller-Level Validation Slug Format Validation (Controller) should log validation error and throw BadRequestException for slug failing initial format check: invalid%slug" name="TenantsController &amp; TenantsService Validation Tests - Unit Controller-Level Validation Slug Format Validation (Controller) should log validation error and throw BadRequestException for slug failing initial format check: invalid%slug" time="0.022">
    </testcase>
    <testcase classname="TenantsController &amp; TenantsService Validation Tests - Unit Controller-Level Validation Slug Format Validation (Controller) should log validation error and throw BadRequestException for slug failing initial format check: invalid^slug" name="TenantsController &amp; TenantsService Validation Tests - Unit Controller-Level Validation Slug Format Validation (Controller) should log validation error and throw BadRequestException for slug failing initial format check: invalid^slug" time="0.022">
    </testcase>
    <testcase classname="TenantsController &amp; TenantsService Validation Tests - Unit Controller-Level Validation Slug Format Validation (Controller) should log validation error and throw BadRequestException for slug failing initial format check: invalid&amp;slug" name="TenantsController &amp; TenantsService Validation Tests - Unit Controller-Level Validation Slug Format Validation (Controller) should log validation error and throw BadRequestException for slug failing initial format check: invalid&amp;slug" time="0.015">
    </testcase>
    <testcase classname="TenantsController &amp; TenantsService Validation Tests - Unit Controller-Level Validation Slug Format Validation (Controller) should log validation error and throw BadRequestException for slug failing initial format check: invalid*slug" name="TenantsController &amp; TenantsService Validation Tests - Unit Controller-Level Validation Slug Format Validation (Controller) should log validation error and throw BadRequestException for slug failing initial format check: invalid*slug" time="0.015">
    </testcase>
    <testcase classname="TenantsController &amp; TenantsService Validation Tests - Unit Controller-Level Validation Slug Format Validation (Controller) should log validation error and throw BadRequestException for slug failing initial format check: invalid+slug" name="TenantsController &amp; TenantsService Validation Tests - Unit Controller-Level Validation Slug Format Validation (Controller) should log validation error and throw BadRequestException for slug failing initial format check: invalid+slug" time="0.013">
    </testcase>
    <testcase classname="TenantsController &amp; TenantsService Validation Tests - Unit Controller-Level Validation Slug Format Validation (Controller) should log validation error and throw BadRequestException for slug failing initial format check: invalid=slug" name="TenantsController &amp; TenantsService Validation Tests - Unit Controller-Level Validation Slug Format Validation (Controller) should log validation error and throw BadRequestException for slug failing initial format check: invalid=slug" time="0.011">
    </testcase>
    <testcase classname="TenantsController &amp; TenantsService Validation Tests - Unit Controller-Level Validation Slug Format Validation (Controller) should log validation error and throw BadRequestException for slug failing initial format check: invalid|slug" name="TenantsController &amp; TenantsService Validation Tests - Unit Controller-Level Validation Slug Format Validation (Controller) should log validation error and throw BadRequestException for slug failing initial format check: invalid|slug" time="0.011">
    </testcase>
    <testcase classname="TenantsController &amp; TenantsService Validation Tests - Unit Controller-Level Validation Slug Format Validation (Controller) should log validation error and throw BadRequestException for slug failing initial format check: invalid[slug]" name="TenantsController &amp; TenantsService Validation Tests - Unit Controller-Level Validation Slug Format Validation (Controller) should log validation error and throw BadRequestException for slug failing initial format check: invalid[slug]" time="0.013">
    </testcase>
    <testcase classname="TenantsController &amp; TenantsService Validation Tests - Unit Controller-Level Validation Slug Format Validation (Controller) should log validation error and throw BadRequestException for slug failing initial format check: invalid{slug}" name="TenantsController &amp; TenantsService Validation Tests - Unit Controller-Level Validation Slug Format Validation (Controller) should log validation error and throw BadRequestException for slug failing initial format check: invalid{slug}" time="0.013">
    </testcase>
    <testcase classname="TenantsController &amp; TenantsService Validation Tests - Unit Controller-Level Validation Slug Format Validation (Controller) should log validation error and throw BadRequestException for slug failing initial format check: invalid(slug)" name="TenantsController &amp; TenantsService Validation Tests - Unit Controller-Level Validation Slug Format Validation (Controller) should log validation error and throw BadRequestException for slug failing initial format check: invalid(slug)" time="0.03">
    </testcase>
    <testcase classname="TenantsController &amp; TenantsService Validation Tests - Unit Controller-Level Validation Slug Format Validation (Controller) should log validation error and throw BadRequestException for slug failing initial format check: invalid&lt;slug&gt;" name="TenantsController &amp; TenantsService Validation Tests - Unit Controller-Level Validation Slug Format Validation (Controller) should log validation error and throw BadRequestException for slug failing initial format check: invalid&lt;slug&gt;" time="0.032">
    </testcase>
    <testcase classname="TenantsController &amp; TenantsService Validation Tests - Unit Controller-Level Validation Slug Format Validation (Controller) should log validation error and throw BadRequestException for slug failing initial format check: invalid&gt;slug" name="TenantsController &amp; TenantsService Validation Tests - Unit Controller-Level Validation Slug Format Validation (Controller) should log validation error and throw BadRequestException for slug failing initial format check: invalid&gt;slug" time="0.031">
    </testcase>
    <testcase classname="TenantsController &amp; TenantsService Validation Tests - Unit Controller-Level Validation Slug Format Validation (Controller) should log validation error and throw BadRequestException for slug failing initial format check: invalid,slug" name="TenantsController &amp; TenantsService Validation Tests - Unit Controller-Level Validation Slug Format Validation (Controller) should log validation error and throw BadRequestException for slug failing initial format check: invalid,slug" time="0.046">
    </testcase>
    <testcase classname="TenantsController &amp; TenantsService Validation Tests - Unit Controller-Level Validation Slug Format Validation (Controller) should log validation error and throw BadRequestException for slug failing initial format check: invalid;slug" name="TenantsController &amp; TenantsService Validation Tests - Unit Controller-Level Validation Slug Format Validation (Controller) should log validation error and throw BadRequestException for slug failing initial format check: invalid;slug" time="0.028">
    </testcase>
    <testcase classname="TenantsController &amp; TenantsService Validation Tests - Unit Controller-Level Validation Slug Format Validation (Controller) should log validation error and throw BadRequestException for slug failing initial format check: invalid:slug" name="TenantsController &amp; TenantsService Validation Tests - Unit Controller-Level Validation Slug Format Validation (Controller) should log validation error and throw BadRequestException for slug failing initial format check: invalid:slug" time="0.022">
    </testcase>
    <testcase classname="TenantsController &amp; TenantsService Validation Tests - Unit Controller-Level Validation Slug Format Validation (Controller) should log validation error and throw BadRequestException for slug failing initial format check: invalid.slug" name="TenantsController &amp; TenantsService Validation Tests - Unit Controller-Level Validation Slug Format Validation (Controller) should log validation error and throw BadRequestException for slug failing initial format check: invalid.slug" time="0.022">
    </testcase>
    <testcase classname="TenantsController &amp; TenantsService Validation Tests - Unit Controller-Level Validation Slug Format Validation (Controller) should log validation error and throw BadRequestException for slug failing initial format check: " name="TenantsController &amp; TenantsService Validation Tests - Unit Controller-Level Validation Slug Format Validation (Controller) should log validation error and throw BadRequestException for slug failing initial format check: " time="0.04">
    </testcase>
    <testcase classname="TenantsController &amp; TenantsService Validation Tests - Unit Controller-Level Validation Slug Format Validation (Controller) should log tenant mismatch error and throw ForbiddenException for slug passing format but failing isolation: -invalid-start" name="TenantsController &amp; TenantsService Validation Tests - Unit Controller-Level Validation Slug Format Validation (Controller) should log tenant mismatch error and throw ForbiddenException for slug passing format but failing isolation: -invalid-start" time="0.023">
    </testcase>
    <testcase classname="TenantsController &amp; TenantsService Validation Tests - Unit Controller-Level Validation Slug Format Validation (Controller) should log tenant mismatch error and throw ForbiddenException for slug passing format but failing isolation: invalid-end-" name="TenantsController &amp; TenantsService Validation Tests - Unit Controller-Level Validation Slug Format Validation (Controller) should log tenant mismatch error and throw ForbiddenException for slug passing format but failing isolation: invalid-end-" time="0.021">
    </testcase>
    <testcase classname="TenantsController &amp; TenantsService Validation Tests - Unit Controller-Level Validation Slug Format Validation (Controller) should log tenant mismatch error and throw ForbiddenException for slug passing format but failing isolation: _invalid_start" name="TenantsController &amp; TenantsService Validation Tests - Unit Controller-Level Validation Slug Format Validation (Controller) should log tenant mismatch error and throw ForbiddenException for slug passing format but failing isolation: _invalid_start" time="0.043">
    </testcase>
    <testcase classname="TenantsController &amp; TenantsService Validation Tests - Unit Controller-Level Validation Slug Format Validation (Controller) should log tenant mismatch error and throw ForbiddenException for slug passing format but failing isolation: invalid_end_" name="TenantsController &amp; TenantsService Validation Tests - Unit Controller-Level Validation Slug Format Validation (Controller) should log tenant mismatch error and throw ForbiddenException for slug passing format but failing isolation: invalid_end_" time="0.026">
    </testcase>
    <testcase classname="TenantsController &amp; TenantsService Validation Tests - Unit Controller-Level Validation Slug Format Validation (Controller) should log tenant mismatch error and throw ForbiddenException for slug passing format but failing isolation: a" name="TenantsController &amp; TenantsService Validation Tests - Unit Controller-Level Validation Slug Format Validation (Controller) should log tenant mismatch error and throw ForbiddenException for slug passing format but failing isolation: a" time="0.023">
    </testcase>
    <testcase classname="TenantsController &amp; TenantsService Validation Tests - Unit Controller-Level Validation Slug Format Validation (Controller) should log tenant mismatch error and throw ForbiddenException for slug passing format but failing isolation: aaaaaaaaaaaaaaaaaaaaaaaaaaaaaaaaaaaaaaaaaaaaaaaaaaaaaaaaaaaaaaaaaaaaaaaaaaaaaaaaaaaaaaaaaaaaaaaaaaaaaaaaaaaaaaaaaaaaaaaaaaaaaaaaaaaaaaaaaaaaaaaaaaaaaaaaaaaaaaaaaaaaaaaaaaaaaaaaaaaaaaaaaaaaaaaaaaaaaaaaaaaaaaaaaaaaaaaaaaaaaaaaaaaaaaaaaaaaaaaaaaaaaaaaaaaaaaaa" name="TenantsController &amp; TenantsService Validation Tests - Unit Controller-Level Validation Slug Format Validation (Controller) should log tenant mismatch error and throw ForbiddenException for slug passing format but failing isolation: aaaaaaaaaaaaaaaaaaaaaaaaaaaaaaaaaaaaaaaaaaaaaaaaaaaaaaaaaaaaaaaaaaaaaaaaaaaaaaaaaaaaaaaaaaaaaaaaaaaaaaaaaaaaaaaaaaaaaaaaaaaaaaaaaaaaaaaaaaaaaaaaaaaaaaaaaaaaaaaaaaaaaaaaaaaaaaaaaaaaaaaaaaaaaaaaaaaaaaaaaaaaaaaaaaaaaaaaaaaaaaaaaaaaaaaaaaaaaaaaaaaaaaaaaaaaaaaa" time="0.032">
    </testcase>
    <testcase classname="TenantsController &amp; TenantsService Validation Tests - Unit Controller-Level Validation Slug Format Validation (Controller) should pass controller slug format validation for valid slug when tenant isolation also passes: valid-slug" name="TenantsController &amp; TenantsService Validation Tests - Unit Controller-Level Validation Slug Format Validation (Controller) should pass controller slug format validation for valid slug when tenant isolation also passes: valid-slug" time="0.053">
    </testcase>
    <testcase classname="TenantsController &amp; TenantsService Validation Tests - Unit Controller-Level Validation Slug Format Validation (Controller) should pass controller slug format validation for valid slug when tenant isolation also passes: valid_slug" name="TenantsController &amp; TenantsService Validation Tests - Unit Controller-Level Validation Slug Format Validation (Controller) should pass controller slug format validation for valid slug when tenant isolation also passes: valid_slug" time="0.022">
    </testcase>
    <testcase classname="TenantsController &amp; TenantsService Validation Tests - Unit Controller-Level Validation Slug Format Validation (Controller) should pass controller slug format validation for valid slug when tenant isolation also passes: valid123" name="TenantsController &amp; TenantsService Validation Tests - Unit Controller-Level Validation Slug Format Validation (Controller) should pass controller slug format validation for valid slug when tenant isolation also passes: valid123" time="0.022">
    </testcase>
    <testcase classname="TenantsController &amp; TenantsService Validation Tests - Unit Controller-Level Validation Slug Format Validation (Controller) should pass controller slug format validation for valid slug when tenant isolation also passes: 123valid" name="TenantsController &amp; TenantsService Validation Tests - Unit Controller-Level Validation Slug Format Validation (Controller) should pass controller slug format validation for valid slug when tenant isolation also passes: 123valid" time="0.022">
    </testcase>
    <testcase classname="TenantsController &amp; TenantsService Validation Tests - Unit Controller-Level Validation Slug Format Validation (Controller) should pass controller slug format validation for valid slug when tenant isolation also passes: a-b" name="TenantsController &amp; TenantsService Validation Tests - Unit Controller-Level Validation Slug Format Validation (Controller) should pass controller slug format validation for valid slug when tenant isolation also passes: a-b" time="0.023">
    </testcase>
[...]
    </testcase>
    <testcase classname="BotDetectionService analyzeRequest should auto-block IP when risk score exceeds threshold" name="BotDetectionService analyzeRequest should auto-block IP when risk score exceeds threshold" time="0.026">
    </testcase>
    <testcase classname="BotDetectionService Risk score calculation should calculate risk score from all analysis components" name="BotDetectionService Risk score calculation should calculate risk score from all analysis components" time="0.01">
    </testcase>
    <testcase classname="BotDetectionService Risk score calculation should handle zero weights gracefully" name="BotDetectionService Risk score calculation should handle zero weights gracefully" time="0.01">
    </testcase>
    <testcase classname="BotDetectionService Utility methods should map risk score to event severity correctly" name="BotDetectionService Utility methods should map risk score to event severity correctly" time="0.011">
    </testcase>
    <testcase classname="BotDetectionService Utility methods should return default bot detection result" name="BotDetectionService Utility methods should return default bot detection result" time="0.012">
    </testcase>
    <testcase classname="BotDetectionService Additional methods should get bot statistics for IP" name="BotDetectionService Additional methods should get bot statistics for IP" time="0.024">
    </testcase>
    <testcase classname="BotDetectionService Additional methods should challenge bot and return success" name="BotDetectionService Additional methods should challenge bot and return success" time="0.078">
    </testcase>
  </testsuite>
  <testsuite name="IPReputationService - Cleanup" errors="0" failures="0" skipped="0" timestamp="2025-11-27T04:56:00" time="3.311" tests="2">
    <testcase classname="IPReputationService - Cleanup Cleanup tasks should cleanup expired blocks and old request patterns" name="IPReputationService - Cleanup Cleanup tasks should cleanup expired blocks and old request patterns" time="0.018">
    </testcase>
    <testcase classname="IPReputationService - Cleanup Cleanup tasks should handle cleanup errors gracefully" name="IPReputationService - Cleanup Cleanup tasks should handle cleanup errors gracefully" time="0.594">
    </testcase>
  </testsuite>
  <testsuite name="BotDetectionService Error Handling (Non-Bot UA via High Score)" errors="0" failures="0" skipped="0" timestamp="2025-11-27T04:56:01" time="3.225" tests="1">
    <testcase classname="BotDetectionService Error Handling (Non-Bot UA via High Score) should handle errors from EventLogService when risk score triggers bot detection (non-bot UA)" name="BotDetectionService Error Handling (Non-Bot UA via High Score) should handle errors from EventLogService when risk score triggers bot detection (non-bot UA)" time="0.338">
    </testcase>
  </testsuite>
  <testsuite name="RolesGuard" errors="0" failures="0" skipped="0" timestamp="2025-11-27T04:56:03" time="1.269" tests="9">
    <testcase classname="RolesGuard canActivate should allow access if no roles are required" name="RolesGuard canActivate should allow access if no roles are required" time="0.288">
    </testcase>
    <testcase classname="RolesGuard canActivate should throw ForbiddenException if req.user is missing" name="RolesGuard canActivate should throw ForbiddenException if req.user is missing" time="0.17">
    </testcase>
    <testcase classname="RolesGuard canActivate should throw ForbiddenException if req.user.id (sub) is missing" name="RolesGuard canActivate should throw ForbiddenException if req.user.id (sub) is missing" time="0.02">
    </testcase>
    <testcase classname="RolesGuard canActivate should allow access if user has the required role (global scope)" name="RolesGuard canActivate should allow access if user has the required role (global scope)" time="0.013">
    </testcase>
    <testcase classname="RolesGuard canActivate should allow access if user has the required role (tenant-scoped)" name="RolesGuard canActivate should allow access if user has the required role (tenant-scoped)" time="0.029">
    </testcase>
    <testcase classname="RolesGuard canActivate should deny access if user does not have the required role (global scope)" name="RolesGuard canActivate should deny access if user does not have the required role (global scope)" time="0.018">
    </testcase>
    <testcase classname="RolesGuard canActivate should deny access if user does not have the required role (tenant-scoped)" name="RolesGuard canActivate should deny access if user does not have the required role (tenant-scoped)" time="0.014">
    </testcase>
    <testcase classname="RolesGuard canActivate should deny access if user has no roles" name="RolesGuard canActivate should deny access if user has no roles" time="0.014">
    </testcase>
    <testcase classname="RolesGuard canActivate should allow access if required role is a subset of user roles" name="RolesGuard canActivate should allow access if required role is a subset of user roles" time="0.158">
    </testcase>
  </testsuite>
  <testsuite name="RateLimitingService - Token Bucket Algorithm" errors="0" failures="0" skipped="0" timestamp="2025-11-27T04:56:04" time="1.05" tests="4">
    <testcase classname="RateLimitingService - Token Bucket Algorithm Token Bucket Rate Limiting should initialize bucket with max tokens" name="RateLimitingService - Token Bucket Algorithm Token Bucket Rate Limiting should initialize bucket with max tokens" time="0.531">
    </testcase>
    <testcase classname="RateLimitingService - Token Bucket Algorithm Token Bucket Rate Limiting should allow requests when tokens are available" name="RateLimitingService - Token Bucket Algorithm Token Bucket Rate Limiting should allow requests when tokens are available" time="0.013">
    </testcase>
    <testcase classname="RateLimitingService - Token Bucket Algorithm Token Bucket Rate Limiting should reject requests when no tokens available" name="RateLimitingService - Token Bucket Algorithm Token Bucket Rate Limiting should reject requests when no tokens available" time="0.012">
    </testcase>
    <testcase classname="RateLimitingService - Token Bucket Algorithm Token Bucket Rate Limiting should refill tokens based on time passed" name="RateLimitingService - Token Bucket Algorithm Token Bucket Rate Limiting should refill tokens based on time passed" time="0.05">
    </testcase>
  </testsuite>
  <testsuite name="RateLimitingService - Fixed Window Algorithm" errors="0" failures="0" skipped="0" timestamp="2025-11-27T04:56:06" time="0.713" tests="6">
    <testcase classname="RateLimitingService - Fixed Window Algorithm Fixed Window Rate Limiting should allow first request in new window" name="RateLimitingService - Fixed Window Algorithm Fixed Window Rate Limiting should allow first request in new window" time="0.055">
    </testcase>
    <testcase classname="RateLimitingService - Fixed Window Algorithm Fixed Window Rate Limiting should allow requests within limit" name="RateLimitingService - Fixed Window Algorithm Fixed Window Rate Limiting should allow requests within limit" time="0.014">
    </testcase>
    <testcase classname="RateLimitingService - Fixed Window Algorithm Fixed Window Rate Limiting should reject requests exceeding limit" name="RateLimitingService - Fixed Window Algorithm Fixed Window Rate Limiting should reject requests exceeding limit" time="0.044">
    </testcase>
    <testcase classname="RateLimitingService - Fixed Window Algorithm Fixed Window Rate Limiting should reset window after expiration" name="RateLimitingService - Fixed Window Algorithm Fixed Window Rate Limiting should reset window after expiration" time="0.01">
    </testcase>
    <testcase classname="RateLimitingService - Fixed Window Algorithm Rate Limit Key Generation should generate correct rate limit key with user ID" name="RateLimitingService - Fixed Window Algorithm Rate Limit Key Generation should generate correct rate limit key with user ID" time="0.01">
    </testcase>
    <testcase classname="RateLimitingService - Fixed Window Algorithm Rate Limit Key Generation should generate correct rate limit key without user ID" name="RateLimitingService - Fixed Window Algorithm Rate Limit Key Generation should generate correct rate limit key without user ID" time="0.017">
    </testcase>
  </testsuite>
  <testsuite name="RateLimitingService - Usage Statistics" errors="0" failures="0" skipped="0" timestamp="2025-11-27T04:56:06" time="1.063" tests="5">
    <testcase classname="RateLimitingService - Usage Statistics Usage Statistics should return empty array for rate limit usage" name="RateLimitingService - Usage Statistics Usage Statistics should return empty array for rate limit usage" time="0.017">
    </testcase>
    <testcase classname="RateLimitingService - Usage Statistics Usage Statistics should return filtered usage for specific endpoint" name="RateLimitingService - Usage Statistics Usage Statistics should return filtered usage for specific endpoint" time="0.02">
    </testcase>
    <testcase classname="RateLimitingService - Usage Statistics Usage Statistics should get all tenant profiles" name="RateLimitingService - Usage Statistics Usage Statistics should get all tenant profiles" time="0.01">
    </testcase>
    <testcase classname="RateLimitingService - Usage Statistics Usage Statistics should return empty array when no profiles exist" name="RateLimitingService - Usage Statistics Usage Statistics should return empty array when no profiles exist" time="0.011">
    </testcase>
    <testcase classname="RateLimitingService - Usage Statistics Usage Statistics should filter inactive profiles" name="RateLimitingService - Usage Statistics Usage Statistics should filter inactive profiles" time="0.01">
    </testcase>
  </testsuite>
  <testsuite name="RolesGuard (Unit)" errors="0" failures="0" skipped="0" timestamp="2025-11-27T04:56:05" time="3.833" tests="8">
    <testcase classname="RolesGuard (Unit) canActivate should allow access if no required roles are specified" name="RolesGuard (Unit) canActivate should allow access if no required roles are specified" time="1.727">
    </testcase>
    <testcase classname="RolesGuard (Unit) canActivate should allow access if required roles are an empty array" name="RolesGuard (Unit) canActivate should allow access if required roles are an empty array" time="0.034">
    </testcase>
    <testcase classname="RolesGuard (Unit) canActivate should throw ForbiddenException if user has no roles matching required roles" name="RolesGuard (Unit) canActivate should throw ForbiddenException if user has no roles matching required roles" time="0.048">
    </testcase>
    <testcase classname="RolesGuard (Unit) canActivate should allow access if user has a role matching one of the required roles" name="RolesGuard (Unit) canActivate should allow access if user has a role matching one of the required roles" time="0.014">
    </testcase>
    <testcase classname="RolesGuard (Unit) canActivate should allow access if user has a system-level role (e.g., SUPER_ADMIN) matching required roles" name="RolesGuard (Unit) canActivate should allow access if user has a system-level role (e.g., SUPER_ADMIN) matching required roles" time="0.02">
    </testcase>
    <testcase classname="RolesGuard (Unit) canActivate should throw ForbiddenException if user object is missing" name="RolesGuard (Unit) canActivate should throw ForbiddenException if user object is missing" time="0.011">
    </testcase>
    <testcase classname="RolesGuard (Unit) canActivate should throw ForbiddenException if user object is not an object" name="RolesGuard (Unit) canActivate should throw ForbiddenException if user object is not an object" time="0.011">
    </testcase>
    <testcase classname="RolesGuard (Unit) canActivate should throw ForbiddenException if user ID is missing from user object" name="RolesGuard (Unit) canActivate should throw ForbiddenException if user ID is missing from user object" time="0.011">
    </testcase>
  </testsuite>
  <testsuite name="RateLimitingService - Request Flow Integration" errors="0" failures="0" skipped="0" timestamp="2025-11-27T04:56:09" time="0.682" tests="5">
    <testcase classname="RateLimitingService - Request Flow Integration Complete Request Flow should allow request when rate limits are not exceeded" name="RateLimitingService - Request Flow Integration Complete Request Flow should allow request when rate limits are not exceeded" time="0.018">
    </testcase>
    <testcase classname="RateLimitingService - Request Flow Integration Complete Request Flow should reject request when rate limits are exceeded" name="RateLimitingService - Request Flow Integration Complete Request Flow should reject request when rate limits are exceeded" time="0.029">
    </testcase>
    <testcase classname="RateLimitingService - Request Flow Integration Complete Request Flow should handle missing tenant profile gracefully" name="RateLimitingService - Request Flow Integration Complete Request Flow should handle missing tenant profile gracefully" time="0.017">
    </testcase>
    <testcase classname="RateLimitingService - Request Flow Integration Complete Request Flow should handle missing specific endpoint limits" name="RateLimitingService - Request Flow Integration Complete Request Flow should handle missing specific endpoint limits" time="0.02">
    </testcase>
    <testcase classname="RateLimitingService - Request Flow Integration Complete Request Flow should fail open on errors" name="RateLimitingService - Request Flow Integration Complete Request Flow should fail open on errors" time="0.14">
    </testcase>
  </testsuite>
  <testsuite name="RateLimitingService - Endpoint Mapping" errors="0" failures="0" skipped="0" timestamp="2025-11-27T04:56:10" time="0.43" tests="5">
    <testcase classname="RateLimitingService - Endpoint Mapping Endpoint to Rate Limit Mapping should map exact endpoint matches" name="RateLimitingService - Endpoint Mapping Endpoint to Rate Limit Mapping should map exact endpoint matches" time="0.018">
    </testcase>
    <testcase classname="RateLimitingService - Endpoint Mapping Endpoint to Rate Limit Mapping should map API endpoints" name="RateLimitingService - Endpoint Mapping Endpoint to Rate Limit Mapping should map API endpoints" time="0.01">
    </testcase>
    <testcase classname="RateLimitingService - Endpoint Mapping Endpoint to Rate Limit Mapping should map upload endpoints" name="RateLimitingService - Endpoint Mapping Endpoint to Rate Limit Mapping should map upload endpoints" time="0.01">
    </testcase>
    <testcase classname="RateLimitingService - Endpoint Mapping Endpoint to Rate Limit Mapping should return undefined for unmapped endpoints" name="RateLimitingService - Endpoint Mapping Endpoint to Rate Limit Mapping should return undefined for unmapped endpoints" time="0.018">
    </testcase>
    <testcase classname="RateLimitingService - Endpoint Mapping Endpoint to Rate Limit Mapping should handle partial matches for specific endpoints" name="RateLimitingService - Endpoint Mapping Endpoint to Rate Limit Mapping should handle partial matches for specific endpoints" time="0.009">
    </testcase>
  </testsuite>
  <testsuite name="RateLimitingService - Permission Integration" errors="0" failures="0" skipped="0" timestamp="2025-11-27T04:56:10" time="0.419" tests="4">
    <testcase classname="RateLimitingService - Permission Integration Permission-based Rate Limiting should apply rate limits from permission conditions" name="RateLimitingService - Permission Integration Permission-based Rate Limiting should apply rate limits from permission conditions" time="0.016">
    </testcase>
    <testcase classname="RateLimitingService - Permission Integration Permission-based Rate Limiting should handle different algorithm types" name="RateLimitingService - Permission Integration Permission-based Rate Limiting should handle different algorithm types" time="0.01">
    </testcase>
    <testcase classname="RateLimitingService - Permission Integration Permission-based Rate Limiting should handle token bucket algorithm from permissions" name="RateLimitingService - Permission Integration Permission-based Rate Limiting should handle token bucket algorithm from permissions" time="0.114">
    </testcase>
    <testcase classname="RateLimitingService - Permission Integration Permission-based Rate Limiting should handle unknown algorithm types" name="RateLimitingService - Permission Integration Permission-based Rate Limiting should handle unknown algorithm types" time="0.01">
    </testcase>
  </testsuite>
  <testsuite name="EventLogService.queryEvents" errors="0" failures="0" skipped="0" timestamp="2025-11-27T04:56:11" time="0.253" tests="5">
    <testcase classname="EventLogService.queryEvents calls Prisma with correct filters (all parameters)" name="EventLogService.queryEvents calls Prisma with correct filters (all parameters)" time="0.013">
    </testcase>
    <testcase classname="EventLogService.queryEvents handles missing filters gracefully" name="EventLogService.queryEvents handles missing filters gracefully" time="0.003">
    </testcase>
    <testcase classname="EventLogService.queryEvents applies only startDate" name="EventLogService.queryEvents applies only startDate" time="0.002">
    </testcase>
    <testcase classname="EventLogService.queryEvents applies only endDate" name="EventLogService.queryEvents applies only endDate" time="0.002">
    </testcase>
    <testcase classname="EventLogService.queryEvents returns paginated structure" name="EventLogService.queryEvents returns paginated structure" time="0.003">
    </testcase>
  </testsuite>
  <testsuite name="TenantsService - Policy Update Logic (Unit)" errors="0" failures="0" skipped="0" timestamp="2025-11-27T04:56:08" time="3.692" tests="5">
    <testcase classname="TenantsService - Policy Update Logic (Unit) update - Policy Logic should call tenantPolicy.upsert with correct data when only policies.requireMFA is provided" name="TenantsService - Policy Update Logic (Unit) update - Policy Logic should call tenantPolicy.upsert with correct data when only policies.requireMFA is provided" time="0.184">
    </testcase>
    <testcase classname="TenantsService - Policy Update Logic (Unit) update - Policy Logic should call tenantPolicy.upsert with correct data when security settings are provided" name="TenantsService - Policy Update Logic (Unit) update - Policy Logic should call tenantPolicy.upsert with correct data when security settings are provided" time="0.012">
    </testcase>
    <testcase classname="TenantsService - Policy Update Logic (Unit) update - Policy Logic should call tenantPolicy.upsert with correct data when direct requireMFA flag is provided (takes precedence over policies.requireMFA)" name="TenantsService - Policy Update Logic (Unit) update - Policy Logic should call tenantPolicy.upsert with correct data when direct requireMFA flag is provided (takes precedence over policies.requireMFA)" time="0.021">
    </testcase>
    <testcase classname="TenantsService - Policy Update Logic (Unit) update - Policy Logic should call tenantPolicy.upsert with correct data when policies, security, and direct flags are provided (merging logic)" name="TenantsService - Policy Update Logic (Unit) update - Policy Logic should call tenantPolicy.upsert with correct data when policies, security, and direct flags are provided (merging logic)" time="0.068">
    </testcase>
    <testcase classname="TenantsService - Policy Update Logic (Unit) update - Policy Logic should NOT call tenantPolicy.upsert if neither policies, security, nor direct policy flags are provided in DTO" name="TenantsService - Policy Update Logic (Unit) update - Policy Logic should NOT call tenantPolicy.upsert if neither policies, security, nor direct policy flags are provided in DTO" time="0.02">
    </testcase>
  </testsuite>
</testsuites>